This is pdfTeX, Version 3.1415926-2.5-1.40.14 (TeX Live 2013) (format=pdflatex 2013.5.30)  15 JAN 2015 16:45
entering extended mode
 restricted \write18 enabled.
 file:line:error style messages enabled.
 %&-line parsing enabled.
**"main proof.tex"
(./main proof.tex
LaTeX2e <2011/06/27>
Babel <3.9f> and hyphenation patterns for 78 languages loaded.
(/usr/local/texlive/2013/texmf-dist/tex/latex/base/article.cls
Document Class: article 2007/10/19 v1.4h Standard LaTeX document class
(/usr/local/texlive/2013/texmf-dist/tex/latex/base/size11.clo
File: size11.clo 2007/10/19 v1.4h Standard LaTeX file (size option)
)
\c@part=\count79
\c@section=\count80
\c@subsection=\count81
\c@subsubsection=\count82
\c@paragraph=\count83
\c@subparagraph=\count84
\c@figure=\count85
\c@table=\count86
\abovecaptionskip=\skip41
\belowcaptionskip=\skip42
\bibindent=\dimen102
) (/usr/local/texlive/2013/texmf-dist/tex/latex/microtype/microtype.sty
Package: microtype 2013/05/23 v2.5a Micro-typographical refinements (RS)
 (/usr/local/texlive/2013/texmf-dist/tex/latex/graphics/keyval.sty
Package: keyval 1999/03/16 v1.13 key=value parser (DPC)
\KV@toks@=\toks14
)
\MT@toks=\toks15
\MT@count=\count87
LaTeX Info: Redefining \textls on input line 766.
\MT@outer@kern=\dimen103
LaTeX Info: Redefining \textmicrotypecontext on input line 1285.
\MT@listname@count=\count88
 (/usr/local/texlive/2013/texmf-dist/tex/latex/microtype/microtype-pdftex.def
File: microtype-pdftex.def 2013/05/23 v2.5a Definitions specific to pdftex (RS)
LaTeX Info: Redefining \lsstyle on input line 915.
LaTeX Info: Redefining \lslig on input line 915.
\MT@outer@space=\skip43
)
Package microtype Info: Loading configuration file microtype.cfg.
 (/usr/local/texlive/2013/texmf-dist/tex/latex/microtype/microtype.cfg
File: microtype.cfg 2013/05/23 v2.5a microtype main configuration file (RS)
)) (/usr/local/texlive/2013/texmf-dist/tex/latex/graphics/graphicx.sty
Package: graphicx 1999/02/16 v1.0f Enhanced LaTeX Graphics (DPC,SPQR)
 (/usr/local/texlive/2013/texmf-dist/tex/latex/graphics/graphics.sty
Package: graphics 2009/02/05 v1.0o Standard LaTeX Graphics (DPC,SPQR)
 (/usr/local/texlive/2013/texmf-dist/tex/latex/graphics/trig.sty
Package: trig 1999/03/16 v1.09 sin cos tan (DPC)
) (/usr/local/texlive/2013/texmf-dist/tex/latex/latexconfig/graphics.cfg
File: graphics.cfg 2010/04/23 v1.9 graphics configuration of TeX Live
)
Package graphics Info: Driver file: pdftex.def on input line 91.
 (/usr/local/texlive/2013/texmf-dist/tex/latex/pdftex-def/pdftex.def
File: pdftex.def 2011/05/27 v0.06d Graphics/color for pdfTeX
 (/usr/local/texlive/2013/texmf-dist/tex/generic/oberdiek/infwarerr.sty
Package: infwarerr 2010/04/08 v1.3 Providing info/warning/error messages (HO)
) (/usr/local/texlive/2013/texmf-dist/tex/generic/oberdiek/ltxcmds.sty
Package: ltxcmds 2011/11/09 v1.22 LaTeX kernel commands for general use (HO)
)
\Gread@gobject=\count89
))
\Gin@req@height=\dimen104
\Gin@req@width=\dimen105
) (/usr/local/texlive/2013/texmf-dist/tex/latex/wrapfig/wrapfig.sty
\wrapoverhang=\dimen106
\WF@size=\dimen107
\c@WF@wrappedlines=\count90
\WF@box=\box26
\WF@everypar=\toks16
Package: wrapfig 2003/01/31  v 3.6
) (/usr/local/texlive/2013/texmf-dist/tex/latex/amsmath/amsmath.sty
Package: amsmath 2013/01/14 v2.14 AMS math features
\@mathmargin=\skip44

For additional information on amsmath, use the `?' option.
(/usr/local/texlive/2013/texmf-dist/tex/latex/amsmath/amstext.sty
Package: amstext 2000/06/29 v2.01
 (/usr/local/texlive/2013/texmf-dist/tex/latex/amsmath/amsgen.sty
File: amsgen.sty 1999/11/30 v2.0
\@emptytoks=\toks17
\ex@=\dimen108
)) (/usr/local/texlive/2013/texmf-dist/tex/latex/amsmath/amsbsy.sty
Package: amsbsy 1999/11/29 v1.2d
\pmbraise@=\dimen109
) (/usr/local/texlive/2013/texmf-dist/tex/latex/amsmath/amsopn.sty
Package: amsopn 1999/12/14 v2.01 operator names
)
\inf@bad=\count91
LaTeX Info: Redefining \frac on input line 210.
\uproot@=\count92
\leftroot@=\count93
LaTeX Info: Redefining \overline on input line 306.
\classnum@=\count94
\DOTSCASE@=\count95
LaTeX Info: Redefining \ldots on input line 378.
LaTeX Info: Redefining \dots on input line 381.
LaTeX Info: Redefining \cdots on input line 466.
\Mathstrutbox@=\box27
\strutbox@=\box28
\big@size=\dimen110
LaTeX Font Info:    Redeclaring font encoding OML on input line 566.
LaTeX Font Info:    Redeclaring font encoding OMS on input line 567.
\macc@depth=\count96
\c@MaxMatrixCols=\count97
\dotsspace@=\muskip10
\c@parentequation=\count98
\dspbrk@lvl=\count99
\tag@help=\toks18
\row@=\count100
\column@=\count101
\maxfields@=\count102
\andhelp@=\toks19
\eqnshift@=\dimen111
\alignsep@=\dimen112
\tagshift@=\dimen113
\tagwidth@=\dimen114
\totwidth@=\dimen115
\lineht@=\dimen116
\@envbody=\toks20
\multlinegap=\skip45
\multlinetaggap=\skip46
\mathdisplay@stack=\toks21
LaTeX Info: Redefining \[ on input line 2665.
LaTeX Info: Redefining \] on input line 2666.
) (/usr/local/texlive/2013/texmf-dist/tex/latex/amscls/amsthm.sty
Package: amsthm 2004/08/06 v2.20
\thm@style=\toks22
\thm@bodyfont=\toks23
\thm@headfont=\toks24
\thm@notefont=\toks25
\thm@headpunct=\toks26
\thm@preskip=\skip47
\thm@postskip=\skip48
\thm@headsep=\skip49
\dth@everypar=\toks27
) (/usr/local/texlive/2013/texmf-dist/tex/latex/amsfonts/amssymb.sty
Package: amssymb 2013/01/14 v3.01 AMS font symbols
 (/usr/local/texlive/2013/texmf-dist/tex/latex/amsfonts/amsfonts.sty
Package: amsfonts 2013/01/14 v3.01 Basic AMSFonts support
\symAMSa=\mathgroup4
\symAMSb=\mathgroup5
LaTeX Font Info:    Overwriting math alphabet `\mathfrak' in version `bold'
(Font)                  U/euf/m/n --> U/euf/b/n on input line 106.
)) (/usr/local/texlive/2013/texmf-dist/tex/latex/psnfss/mathpazo.sty
Package: mathpazo 2005/04/12 PSNFSS-v9.2a Palatino w/ Pazo Math (D.Puga, WaS) 
\symupright=\mathgroup6
) (/usr/local/texlive/2013/texmf-dist/tex/latex/base/fontenc.sty
Package: fontenc 2005/09/27 v1.99g Standard LaTeX package
 (/usr/local/texlive/2013/texmf-dist/tex/latex/base/t1enc.def
File: t1enc.def 2005/09/27 v1.99g Standard LaTeX file
LaTeX Font Info:    Redeclaring font encoding T1 on input line 43.
))
\c@Lemma=\count103
\c@Theorem=\count104
 (/Users/zhaolong/storagepaper/.texpadtmp/main proof.aux

LaTeX Warning: Label `DFf' multiply defined.

)
\openout1 = `"main proof.aux"'.

LaTeX Font Info:    Checking defaults for OML/cmm/m/it on input line 70.
LaTeX Font Info:    ... okay on input line 70.
LaTeX Font Info:    Checking defaults for T1/cmr/m/n on input line 70.
LaTeX Font Info:    ... okay on input line 70.
LaTeX Font Info:    Checking defaults for OT1/cmr/m/n on input line 70.
LaTeX Font Info:    ... okay on input line 70.
LaTeX Font Info:    Checking defaults for OMS/cmsy/m/n on input line 70.
LaTeX Font Info:    ... okay on input line 70.
LaTeX Font Info:    Checking defaults for OMX/cmex/m/n on input line 70.
LaTeX Font Info:    ... okay on input line 70.
LaTeX Font Info:    Checking defaults for U/cmr/m/n on input line 70.
LaTeX Font Info:    ... okay on input line 70.
LaTeX Font Info:    Try loading font information for T1+ppl on input line 70.
 (/usr/local/texlive/2013/texmf-dist/tex/latex/psnfss/t1ppl.fd
File: t1ppl.fd 2001/06/04 font definitions for T1/ppl.
)
LaTeX Info: Redefining \microtypecontext on input line 70.
Package microtype Info: Generating PDF output.
Package microtype Info: Character protrusion enabled (level 2).
Package microtype Info: Using default protrusion set `alltext'.
Package microtype Info: Automatic font expansion enabled (level 2),
(microtype)             stretch: 20, shrink: 20, step: 1, non-selected.
Package microtype Info: Using default expansion set `basictext'.
Package microtype Info: No adjustment of tracking.
Package microtype Info: No adjustment of interword spacing.
Package microtype Info: No adjustment of character kerning.
 (/usr/local/texlive/2013/texmf-dist/tex/latex/microtype/mt-ppl.cfg
File: mt-ppl.cfg 2005/11/16 v1.6 microtype config. file: Palatino (RS)
) (/usr/local/texlive/2013/texmf-dist/tex/context/base/supp-pdf.mkii
[Loading MPS to PDF converter (version 2006.09.02).]
\scratchcounter=\count105
\scratchdimen=\dimen117
\scratchbox=\box29
\nofMPsegments=\count106
\nofMParguments=\count107
\everyMPshowfont=\toks28
\MPscratchCnt=\count108
\MPscratchDim=\dimen118
\MPnumerator=\count109
\makeMPintoPDFobject=\count110
\everyMPtoPDFconversion=\toks29
) (/usr/local/texlive/2013/texmf-dist/tex/generic/oberdiek/pdftexcmds.sty
Package: pdftexcmds 2011/11/29 v0.20 Utility functions of pdfTeX for LuaTeX (HO)
 (/usr/local/texlive/2013/texmf-dist/tex/generic/oberdiek/ifluatex.sty
Package: ifluatex 2010/03/01 v1.3 Provides the ifluatex switch (HO)
Package ifluatex Info: LuaTeX not detected.
) (/usr/local/texlive/2013/texmf-dist/tex/generic/oberdiek/ifpdf.sty
Package: ifpdf 2011/01/30 v2.3 Provides the ifpdf switch (HO)
Package ifpdf Info: pdfTeX in PDF mode is detected.
)
Package pdftexcmds Info: LuaTeX not detected.
Package pdftexcmds Info: \pdf@primitive is available.
Package pdftexcmds Info: \pdf@ifprimitive is available.
Package pdftexcmds Info: \pdfdraftmode found.
) (/usr/local/texlive/2013/texmf-dist/tex/latex/oberdiek/epstopdf-base.sty
Package: epstopdf-base 2010/02/09 v2.5 Base part for package epstopdf
 (/usr/local/texlive/2013/texmf-dist/tex/latex/oberdiek/grfext.sty
Package: grfext 2010/08/19 v1.1 Manage graphics extensions (HO)
 (/usr/local/texlive/2013/texmf-dist/tex/generic/oberdiek/kvdefinekeys.sty
Package: kvdefinekeys 2011/04/07 v1.3 Define keys (HO)
)) (/usr/local/texlive/2013/texmf-dist/tex/latex/oberdiek/kvoptions.sty
Package: kvoptions 2011/06/30 v3.11 Key value format for package options (HO)
 (/usr/local/texlive/2013/texmf-dist/tex/generic/oberdiek/kvsetkeys.sty
Package: kvsetkeys 2012/04/25 v1.16 Key value parser (HO)
 (/usr/local/texlive/2013/texmf-dist/tex/generic/oberdiek/etexcmds.sty
Package: etexcmds 2011/02/16 v1.5 Avoid name clashes with e-TeX commands (HO)
Package etexcmds Info: Could not find \expanded.
(etexcmds)             That can mean that you are not using pdfTeX 1.50 or
(etexcmds)             that some package has redefined \expanded.
(etexcmds)             In the latter case, load this package earlier.
)))
Package grfext Info: Graphics extension search list:
(grfext)             [.png,.pdf,.jpg,.mps,.jpeg,.jbig2,.jb2,.PNG,.PDF,.JPG,.JPEG,.JBIG2,.JB2,.eps]
(grfext)             \AppendGraphicsExtensions on input line 452.
 (/usr/local/texlive/2013/texmf-dist/tex/latex/latexconfig/epstopdf-sys.cfg
File: epstopdf-sys.cfg 2010/07/13 v1.3 Configuration of (r)epstopdf for TeX Live
))
LaTeX Font Info:    Font shape `T1/ppl/bx/n' in size <14.4> not available
(Font)              Font shape `T1/ppl/b/n' tried instead on input line 260.
LaTeX Font Info:    Try loading font information for OT1+ppl on input line 262.
 (/usr/local/texlive/2013/texmf-dist/tex/latex/psnfss/ot1ppl.fd
File: ot1ppl.fd 2001/06/04 font definitions for OT1/ppl.
)
LaTeX Font Info:    Try loading font information for OML+zplm on input line 262.
 (/usr/local/texlive/2013/texmf-dist/tex/latex/psnfss/omlzplm.fd
File: omlzplm.fd 2002/09/08 Fontinst v1.914 font definitions for OML/zplm.
)
LaTeX Font Info:    Try loading font information for OMS+zplm on input line 262.
 (/usr/local/texlive/2013/texmf-dist/tex/latex/psnfss/omszplm.fd
File: omszplm.fd 2002/09/08 Fontinst v1.914 font definitions for OMS/zplm.
)
LaTeX Font Info:    Try loading font information for OMX+zplm on input line 262.
 (/usr/local/texlive/2013/texmf-dist/tex/latex/psnfss/omxzplm.fd
File: omxzplm.fd 2002/09/08 Fontinst v1.914 font definitions for OMX/zplm.
)
LaTeX Font Info:    Font shape `U/msa/m/n' will be
(Font)              scaled to size 11.40997pt on input line 262.
 (/usr/local/texlive/2013/texmf-dist/tex/latex/microtype/mt-msa.cfg
File: mt-msa.cfg 2006/02/04 v1.1 microtype config. file: AMS symbols (a) (RS)
)
LaTeX Font Info:    Font shape `U/msa/m/n' will be
(Font)              scaled to size 8.33606pt on input line 262.
LaTeX Font Info:    Font shape `U/msa/m/n' will be
(Font)              scaled to size 6.25204pt on input line 262.
LaTeX Font Info:    Font shape `U/msb/m/n' will be
(Font)              scaled to size 11.40997pt on input line 262.
 (/usr/local/texlive/2013/texmf-dist/tex/latex/microtype/mt-msb.cfg
File: mt-msb.cfg 2005/06/01 v1.0 microtype config. file: AMS symbols (b) (RS)
)
LaTeX Font Info:    Font shape `U/msb/m/n' will be
(Font)              scaled to size 8.33606pt on input line 262.
LaTeX Font Info:    Font shape `U/msb/m/n' will be
(Font)              scaled to size 6.25204pt on input line 262.
LaTeX Font Info:    Try loading font information for OT1+zplm on input line 262.
 (/usr/local/texlive/2013/texmf-dist/tex/latex/psnfss/ot1zplm.fd
File: ot1zplm.fd 2002/09/08 Fontinst v1.914 font definitions for OT1/zplm.
)
Package microtype Info: Loading generic settings for font family
(microtype)             `zplm' (encoding: OT1).
(microtype)             For optimal results, create family-specific settings.
(microtype)             See the microtype manual for details.

Underfull \hbox (badness 10000) in paragraph at lines 274--275

 []


Underfull \hbox (badness 10000) in paragraph at lines 276--277

 []


Overfull \hbox (0.1809pt too wide) in paragraph at lines 284--285
[]\T1/ppl/m/n/10.95 (-20) An ad-mis-si-ble con-trol pol-icy is a pair $\OT1/zplm/m/n/10.95 (\OML/zplm/m/it/10.95 L[]\OT1/ppl/m/n/10.95 (-20) , \OML/zplm/m/it/10.95 U[]\OT1/zplm/m/n/10.95 )$ \T1/ppl/m/n/10.95 (-20) such that $\OML/zplm/m/it/10.95 Q[] \OMS/zplm/m/n/10.95 2 \OT1/zplm/m/n/10.95 [\OML/zplm/m/it/10.95 Q[]\OT1/ppl/m/n/10.95 (-20) , \OML/zplm/m/it/10.95 Q[]\OT1/zplm/m/n/10.95 ]$
 []


Underfull \hbox (badness 10000) in paragraph at lines 284--285

 []


Underfull \hbox (badness 10000) in paragraph at lines 286--287

 []

LaTeX Font Info:    Try loading font information for U+fplmbb on input line 291.
(/usr/local/texlive/2013/texmf-dist/tex/latex/psnfss/ufplmbb.fd
File: ufplmbb.fd 2003/10/30 Fontinst v1.914 font definitions for U/fplmbb.
)
Overfull \hbox (17.13457pt too wide) detected at line 292
\OML/zplm/m/it/10.95 V\OT1/zplm/m/n/10.95 (\OML/zplm/m/it/10.95 x\OT1/ppl/m/n/10.95 , \OML/zplm/m/it/10.95 q\OT1/zplm/m/n/10.95 ) = [] \U/fplmbb/m/n/10.95 E[] []
 []

[1

{/usr/local/texlive/2013/texmf-var/fonts/map/pdftex/updmap/pdftex.map}]
LaTeX Font Info:    Try loading font information for OMS+ppl on input line 316.
 (/usr/local/texlive/2013/texmf-dist/tex/latex/psnfss/omsppl.fd
File: omsppl.fd 
)
LaTeX Font Info:    Font shape `OMS/ppl/m/n' in size <10.95> not available
(Font)              Font shape `OMS/cmsy/m/n' tried instead on input line 316.
 [2]
LaTeX Font Info:    Font shape `T1/ppl/bx/n' in size <12> not available
(Font)              Font shape `T1/ppl/b/n' tried instead on input line 342.

Underfull \hbox (badness 10000) in paragraph at lines 343--344

 []

[3]
Underfull \hbox (badness 10000) in paragraph at lines 381--382

 []

LaTeX Font Info:    Font shape `U/msa/m/n' will be
(Font)              scaled to size 12.50409pt on input line 391.
LaTeX Font Info:    Font shape `U/msa/m/n' will be
(Font)              scaled to size 9.37807pt on input line 391.
LaTeX Font Info:    Font shape `U/msa/m/n' will be
(Font)              scaled to size 7.29405pt on input line 391.
LaTeX Font Info:    Font shape `U/msb/m/n' will be
(Font)              scaled to size 12.50409pt on input line 391.
LaTeX Font Info:    Font shape `U/msb/m/n' will be
(Font)              scaled to size 9.37807pt on input line 391.
LaTeX Font Info:    Font shape `U/msb/m/n' will be
(Font)              scaled to size 7.29405pt on input line 391.
LaTeX Font Info:    Font shape `T1/ppl/bx/n' in size <10.95> not available
(Font)              Font shape `T1/ppl/b/n' tried instead on input line 393.

Underfull \hbox (badness 10000) in paragraph at lines 398--399

 []


Overfull \hbox (3.3743pt too wide) in paragraph at lines 400--401
[]\T1/ppl/m/n/10.95 (-20) If the lemma doesn't hold, com-bin-ing the ob-ser-va-tion above, $\OMS/zplm/m/n/10.95 9\OML/zplm/m/it/10.95 M[]\OT1/zplm/m/n/10.95 ([])\OT1/ppl/m/n/10.95 (-20) ,  [][] \OML/zplm/m/it/10.95 >
 []

[4]
Overfull \hbox (29.47061pt too wide) detected at line 433
[]\OML/zplm/m/it/10.95 ^^[[]e[]h[]\OT1/zplm/m/n/10.95 (\OML/zplm/m/it/10.95 x\OT1/zplm/m/n/10.95 ) + \OML/zplm/m/it/10.95 ke[]\OT1/zplm/m/n/10.95 (\OML/zplm/m/it/10.95  \OMS/zplm/m/n/10.95 ^^@ \OML/zplm/m/it/10.95 x\OT1/zplm/m/n/10.95 )\OML/zplm/m/it/10.95 h[]\OT1/zplm/m/n/10.95 (\OML/zplm/m/it/10.95 x\OT1/zplm/m/n/10.95 ) \OMS/zplm/m/n/10.95 ^^@ \OML/zplm/m/it/10.95 ^^Le[]h\OT1/zplm/m/n/10.95 (\OML/zplm/m/it/10.95 x\OT1/zplm/m/n/10.95 ) = \OMS/zplm/m/n/10.95 ^^@[]\OML/zplm/m/it/10.95 ^^[[] \OT1/zplm/m/n/10.95 + \OML/zplm/m/it/10.95 k\OT1/zplm/m/n/10.95 (\OML/zplm/m/it/10.95 x \OMS/zplm/m/n/10.95 ^^@ \OML/zplm/m/it/10.95 \OT1/zplm/m/n/10.95 ) + \OML/zplm/m/it/10.95 ^^L\OT1/zplm/m/n/10.95 (\OT1/ppl/m/n/10.95 1 \OMS/zplm/m/n/10.95 ^^@ \OML/zplm/m/it/10.95 e[]^^V\OT1/zplm/m/n/10.95 ([]))\OT1/ppl/m/n/10.95 .
 []


Underfull \hbox (badness 10000) in paragraph at lines 444--445

 []

[5]
Underfull \hbox (badness 10000) in paragraph at lines 459--460

 []


Underfull \hbox (badness 10000) in paragraph at lines 473--474

 []

[6]
Underfull \hbox (badness 10000) in paragraph at lines 547--548

 []

[7]
Overfull \hbox (6.39577pt too wide) in paragraph at lines 582--583
[]\T1/ppl/m/n/10.95 (-20) Here we also use the mono-tonic-ity of $\OML/zplm/m/it/10.95 H[]\OT1/ppl/m/n/10.95 (-20) ,  []\OML/zplm/m/it/10.95 S[]$ \T1/ppl/m/n/10.95 (-20) and $\OML/zplm/m/it/10.95 B[]$\T1/ppl/m/n/10.95 (-20) , i.e. $\OML/zplm/m/it/10.95 H[] \OMS/zplm/m/n/10.95 ^^[ \OML/zplm/m/it/10.95 H[]\OT1/ppl/m/n/10.95 (-20) ,  []\OML/zplm/m/it/10.95 S[] \OMS/zplm/m/n/10.95 ^^Z
 []


Underfull \hbox (badness 10000) in paragraph at lines 582--583

 []

[8]
Overfull \hbox (51.46509pt too wide) detected at line 656
[]
 []

[9]
LaTeX Font Info:    Font shape `U/msa/m/n' will be
(Font)              scaled to size 5.21004pt on input line 722.
LaTeX Font Info:    Font shape `U/msb/m/n' will be
(Font)              scaled to size 5.21004pt on input line 722.

Underfull \hbox (badness 10000) in paragraph at lines 722--723

 []

[10]
Underfull \hbox (badness 10000) in paragraph at lines 724--725

 []


Underfull \hbox (badness 10000) in paragraph at lines 726--727

 []

[11]
Underfull \hbox (badness 10000) in paragraph at lines 752--753

 []


Underfull \hbox (badness 10000) in paragraph at lines 755--756

 []

Package epstopdf Info: Source file: <SnSn+1Bn.eps>
(epstopdf)                    date: 2014-10-09 13:49:27
(epstopdf)                    size: 23646 bytes
(epstopdf)             Output file: <SnSn+1Bn-eps-converted-to.pdf>
(epstopdf)                    date: 2014-10-09 13:50:14
(epstopdf)                    size: 15882 bytes
(epstopdf)             Command: <repstopdf --outfile=SnSn+1Bn-eps-converted-to.pdf SnSn+1Bn.eps>
(epstopdf)             \includegraphics on input line 760.
Package epstopdf Info: Output file is already uptodate.
<SnSn+1Bn-eps-converted-to.pdf, id=48, 420.57124pt x 316.18124pt>
File: SnSn+1Bn-eps-converted-to.pdf Graphic file (type pdf)
 <use SnSn+1Bn-eps-converted-to.pdf>
Package pdftex.def Info: SnSn+1Bn-eps-converted-to.pdf used on input line 760.
(pdftex.def)             Requested size: 420.57022pt x 316.18047pt.

Overfull \hbox (60.57022pt too wide) in paragraph at lines 760--761
[][] 
 []

Package epstopdf Info: Source file: <deltaV.eps>
(epstopdf)                    date: 2014-10-09 13:55:40
(epstopdf)                    size: 24658 bytes
(epstopdf)             Output file: <deltaV-eps-converted-to.pdf>
(epstopdf)                    date: 2014-10-09 13:56:34
(epstopdf)                    size: 16915 bytes
(epstopdf)             Command: <repstopdf --outfile=deltaV-eps-converted-to.pdf deltaV.eps>
(epstopdf)             \includegraphics on input line 776.
Package epstopdf Info: Output file is already uptodate.
<deltaV-eps-converted-to.pdf, id=49, 420.57124pt x 316.18124pt>
File: deltaV-eps-converted-to.pdf Graphic file (type pdf)
 <use deltaV-eps-converted-to.pdf>
Package pdftex.def Info: deltaV-eps-converted-to.pdf used on input line 776.
(pdftex.def)             Requested size: 420.57022pt x 316.18047pt.

Overfull \hbox (60.57022pt too wide) in paragraph at lines 776--777
[][] 
 []

[12]
Underfull \hbox (badness 10000) in paragraph at lines 801--802

 []

[13 <./SnSn+1Bn-eps-converted-to.pdf>]
Underfull \hbox (badness 10000) in paragraph at lines 819--820

 []

[14 <./deltaV-eps-converted-to.pdf>]
Package epstopdf Info: Source file: <Isolated.eps>
(epstopdf)                    date: 2014-10-09 21:51:37
(epstopdf)                    size: 17017 bytes
(epstopdf)             Output file: <Isolated-eps-converted-to.pdf>
(epstopdf)                    date: 2014-10-09 21:57:15
(epstopdf)                    size: 11604 bytes
(epstopdf)             Command: <repstopdf --outfile=Isolated-eps-converted-to.pdf Isolated.eps>
(epstopdf)             \includegraphics on input line 840.
Package epstopdf Info: Output file is already uptodate.
 <Isolated-eps-converted-to.pdf, id=76, 420.57124pt x 316.18124pt>
File: Isolated-eps-converted-to.pdf Graphic file (type pdf)
 <use Isolated-eps-converted-to.pdf>
Package pdftex.def Info: Isolated-eps-converted-to.pdf used on input line 840.
(pdftex.def)             Requested size: 420.57022pt x 316.18047pt.

Overfull \hbox (60.57022pt too wide) in paragraph at lines 840--841
[][] 
 []

Package epstopdf Info: Source file: <NotIsolated.eps>
(epstopdf)                    date: 2014-10-09 21:51:59
(epstopdf)                    size: 14554 bytes
(epstopdf)             Output file: <NotIsolated-eps-converted-to.pdf>
(epstopdf)                    date: 2014-10-09 21:57:17
(epstopdf)                    size: 9490 bytes
(epstopdf)             Command: <repstopdf --outfile=NotIsolated-eps-converted-to.pdf NotIsolated.eps>
(epstopdf)             \includegraphics on input line 845.
Package epstopdf Info: Output file is already uptodate.
<NotIsolated-eps-converted-to.pdf, id=77, 420.57124pt x 316.18124pt>
File: NotIsolated-eps-converted-to.pdf Graphic file (type pdf)
 <use NotIsolated-eps-converted-to.pdf>
Package pdftex.def Info: NotIsolated-eps-converted-to.pdf used on input line 845.
(pdftex.def)             Requested size: 420.57022pt x 316.18047pt.

Overfull \hbox (60.57022pt too wide) in paragraph at lines 845--846
[][] 
 []


Underfull \hbox (badness 10000) in paragraph at lines 856--857

 []

[15 <./Isolated-eps-converted-to.pdf>] [16 <./NotIsolated-eps-converted-to.pdf>]
Overfull \hbox (11.67497pt too wide) in paragraph at lines 890--891
[]\T1/ppl/m/n/10.95 (-20) In sum, $\OMS/zplm/m/n/10.95 L\OT1/zplm/m/n/10.95 ^^A\OML/zplm/m/it/10.95 V[]\OT1/zplm/m/n/10.95 (\OML/zplm/m/it/10.95 x\OT1/ppl/m/n/10.95 (-20) , 0\OT1/zplm/m/n/10.95 ) = \OT1/ppl/m/n/10.95 (-20) 0 \OMS/zplm/m/n/10.95 8\OML/zplm/m/it/10.95 x \OMS/zplm/m/n/10.95 2 \U/fplmbb/m/n/10.95 R$\T1/ppl/m/n/10.95 (-20) . By pre-vi-ous ar-gu-ment, $\OT1/zplm/m/n/10.95 ^^A\OML/zplm/m/it/10.95 V[]\OT1/zplm/m/n/10.95 (\OML/zplm/m/it/10.95 x\OT1/ppl/m/n/10.95 (-20) , \OML/zplm/m/it/10.95 q\OT1/zplm/m/n/10.95 ) \OMS/zplm/m/n/10.95 ^^U
 []

Package epstopdf Info: Source file: <deltaVstage2.eps>
(epstopdf)                    date: 2014-10-09 21:54:50
(epstopdf)                    size: 17303 bytes
(epstopdf)             Output file: <deltaVstage2-eps-converted-to.pdf>
(epstopdf)                    date: 2014-10-09 21:57:18
(epstopdf)                    size: 12500 bytes
(epstopdf)             Command: <repstopdf --outfile=deltaVstage2-eps-converted-to.pdf deltaVstage2.eps>
(epstopdf)             \includegraphics on input line 920.
Package epstopdf Info: Output file is already uptodate.
<deltaVstage2-eps-converted-to.pdf, id=96, 420.57124pt x 316.18124pt>
File: deltaVstage2-eps-converted-to.pdf Graphic file (type pdf)
 <use deltaVstage2-eps-converted-to.pdf>
Package pdftex.def Info: deltaVstage2-eps-converted-to.pdf used on input line 920.
(pdftex.def)             Requested size: 420.57022pt x 316.18047pt.

Overfull \hbox (60.57022pt too wide) in paragraph at lines 920--921
[][] 
 []

[17] [18 <./deltaVstage2-eps-converted-to.pdf>]
Overfull \hbox (12.06273pt too wide) detected at line 986
\OML/zplm/m/it/10.95 V\OT1/zplm/m/n/10.95 (\OML/zplm/m/it/10.95 x\OT1/ppl/m/n/10.95 , \OML/zplm/m/it/10.95 q\OT1/zplm/m/n/10.95 ) = [] \U/fplmbb/m/n/10.95 E[] []
 []

[19] (/Users/zhaolong/storagepaper/.texpadtmp/main proof.aux)

LaTeX Warning: There were multiply-defined labels.

 ) 
Here is how much of TeX's memory you used:
 4689 strings out of 493315
 68656 string characters out of 6137904
 155228 words of memory out of 5000000
 7824 multiletter control sequences out of 15000+600000
 59244 words of font info for 251 fonts, out of 8000000 for 9000
 957 hyphenation exceptions out of 8191
 38i,21n,35p,917b,346s stack positions out of 5000i,500n,10000p,200000b,80000s
{/usr/local/texlive/2013/texmf-dist/fonts/enc/dvips/base/8r.enc}</usr/local/texlive/2013/texmf-dist/fonts/type1/public/amsfonts/cm/cmex10.pfb></usr/local/texlive/2013/texmf-dist/fonts/type1/public/amsfonts/cm/cmmi10.pfb></usr/local/texlive/2013/texmf-dist/fonts/type1/public/amsfonts/cm/cmr10.pfb></usr/local/texlive/2013/texmf-dist/fonts/type1/public/amsfonts/cm/cmsy10.pfb></usr/local/texlive/2013/texmf-dist/fonts/type1/public/mathpazo/fplmbb.pfb></usr/local/texlive/2013/texmf-dist/fonts/type1/public/mathpazo/fplmr.pfb></usr/local/texlive/2013/texmf-dist/fonts/type1/public/mathpazo/fplmri.pfb></usr/local/texlive/2013/texmf-dist/fonts/type1/public/amsfonts/symbols/msbm10.pfb></usr/local/texlive/2013/texmf-dist/fonts/type1/urw/palatino/uplb8a.pfb></usr/local/texlive/2013/texmf-dist/fonts/type1/urw/palatino/uplr8a.pfb></usr/local/texlive/2013/texmf-dist/fonts/type1/urw/palatino/uplri8a.pfb>
Output written on "/Users/zhaolong/storagepaper/.texpadtmp/main proof.pdf" (19 pages, 205437 bytes).
PDF statistics:
 155 PDF objects out of 1000 (max. 8388607)
 109 compressed objects within 2 object streams
 0 named destinations out of 1000 (max. 500000)
 29722 words of extra memory for PDF output out of 29859 (max. 10000000)

